# JRE version: Java(TM) SE Runtime Environment (8.0_151-b12) (build 1.8.0_151-b12)
# Java VM: Java HotSpot(TM) 64-Bit Server VM (25.151-b12 mixed mode linux-amd64 compressed oops)
Heap:
 def new generation   total 19264K, used 2614K [0x00000000c2400000, 0x00000000c38e0000, 0x00000000d6d50000)
  eden space 17152K,   2% used [0x00000000c2400000, 0x00000000c247d998, 0x00000000c34c0000)
  from space 2112K, 100% used [0x00000000c36d0000, 0x00000000c38e0000, 0x00000000c38e0000)
  to   space 2112K,   0% used [0x00000000c34c0000, 0x00000000c34c0000, 0x00000000c36d0000)
 tenured generation   total 42664K, used 37578K [0x00000000d6d50000, 0x00000000d96fa000, 0x0000000100000000)
   the space 42664K,  88% used [0x00000000d6d50000, 0x00000000d9202a30, 0x00000000d9202c00, 0x00000000d96fa000)
 Metaspace       used 45505K, capacity 46316K, committed 46848K, reserved 1089536K
  class space    used 5598K, capacity 5817K, committed 5888K, reserved 1048576K
GC Heap History (10 events):
Event: 19.742 GC heap before
{Heap before GC invocations=29 (full 2):
 def new generation   total 19264K, used 18520K [0x00000000c2400000, 0x00000000c38e0000, 0x00000000d6d50000)
  eden space 17152K, 100% used [0x00000000c2400000, 0x00000000c34c0000, 0x00000000c34c0000)
  from space 2112K,  64% used [0x00000000c34c0000, 0x00000000c3616188, 0x00000000c36d0000)
  to   space 2112K,   0% used [0x00000000c36d0000, 0x00000000c36d0000, 0x00000000c38e0000)
 tenured generation   total 42664K, used 33111K [0x00000000d6d50000, 0x00000000d96fa000, 0x0000000100000000)
   the space 42664K,  77% used [0x00000000d6d50000, 0x00000000d8da5f60, 0x00000000d8da6000, 0x00000000d96fa000)
 Metaspace       used 41133K, capacity 41942K, committed 42496K, reserved 1087488K
  class space    used 5049K, capacity 5258K, committed 5376K, reserved 1048576K
Event: 19.750 GC heap after
Heap after GC invocations=30 (full 2):
 def new generation   total 19264K, used 1475K [0x00000000c2400000, 0x00000000c38e0000, 0x00000000d6d50000)
  eden space 17152K,   0% used [0x00000000c2400000, 0x00000000c2400000, 0x00000000c34c0000)
  from space 2112K,  69% used [0x00000000c36d0000, 0x00000000c3840fa0, 0x00000000c38e0000)
  to   space 2112K,   0% used [0x00000000c34c0000, 0x00000000c34c0000, 0x00000000c36d0000)
 tenured generation   total 42664K, used 33894K [0x00000000d6d50000, 0x00000000d96fa000, 0x0000000100000000)
   the space 42664K,  79% used [0x00000000d6d50000, 0x00000000d8e69b68, 0x00000000d8e69c00, 0x00000000d96fa000)
 Metaspace       used 41133K, capacity 41942K, committed 42496K, reserved 1087488K
  class space    used 5049K, capacity 5258K, committed 5376K, reserved 1048576K
}
Event: 20.278 GC heap before
{Heap before GC invocations=30 (full 2):
 def new generation   total 19264K, used 18627K [0x00000000c2400000, 0x00000000c38e0000, 0x00000000d6d50000)
  eden space 17152K, 100% used [0x00000000c2400000, 0x00000000c34c0000, 0x00000000c34c0000)
  from space 2112K,  69% used [0x00000000c36d0000, 0x00000000c3840fa0, 0x00000000c38e0000)
  to   space 2112K,   0% used [0x00000000c34c0000, 0x00000000c34c0000, 0x00000000c36d0000)
 tenured generation   total 42664K, used 33894K [0x00000000d6d50000, 0x00000000d96fa000, 0x0000000100000000)
   the space 42664K,  79% used [0x00000000d6d50000, 0x00000000d8e69b68, 0x00000000d8e69c00, 0x00000000d96fa000)
 Metaspace       used 41815K, capacity 42614K, committed 43008K, reserved 1087488K
  class space    used 5137K, capacity 5354K, committed 5376K, reserved 1048576K
Event: 20.292 GC heap after
Heap after GC invocations=31 (full 2):
 def new generation   total 19264K, used 1651K [0x00000000c2400000, 0x00000000c38e0000, 0x00000000d6d50000)
  eden space 17152K,   0% used [0x00000000c2400000, 0x00000000c2400000, 0x00000000c34c0000)
  from space 2112K,  78% used [0x00000000c34c0000, 0x00000000c365cf40, 0x00000000c36d0000)
  to   space 2112K,   0% used [0x00000000c36d0000, 0x00000000c36d0000, 0x00000000c38e0000)
 tenured generation   total 42664K, used 35008K [0x00000000d6d50000, 0x00000000d96fa000, 0x0000000100000000)
   the space 42664K,  82% used [0x00000000d6d50000, 0x00000000d8f80038, 0x00000000d8f80200, 0x00000000d96fa000)
 Metaspace       used 41815K, capacity 42614K, committed 43008K, reserved 1087488K
  class space    used 5137K, capacity 5354K, committed 5376K, reserved 1048576K
}
Event: 20.760 GC heap before
{Heap before GC invocations=31 (full 2):
 def new generation   total 19264K, used 18803K [0x00000000c2400000, 0x00000000c38e0000, 0x00000000d6d50000)
  eden space 17152K, 100% used [0x00000000c2400000, 0x00000000c34c0000, 0x00000000c34c0000)
  from space 2112K,  78% used [0x00000000c34c0000, 0x00000000c365cf40, 0x00000000c36d0000)
  to   space 2112K,   0% used [0x00000000c36d0000, 0x00000000c36d0000, 0x00000000c38e0000)
 tenured generation   total 42664K, used 35008K [0x00000000d6d50000, 0x00000000d96fa000, 0x0000000100000000)
   the space 42664K,  82% used [0x00000000d6d50000, 0x00000000d8f80038, 0x00000000d8f80200, 0x00000000d96fa000)
 Metaspace       used 42192K, capacity 42972K, committed 43392K, reserved 1087488K
  class space    used 5185K, capacity 5387K, committed 5504K, reserved 1048576K
Event: 20.768 GC heap after
Heap after GC invocations=32 (full 2):
 def new generation   total 19264K, used 1209K [0x00000000c2400000, 0x00000000c38e0000, 0x00000000d6d50000)
  eden space 17152K,   0% used [0x00000000c2400000, 0x00000000c2400000, 0x00000000c34c0000)
  from space 2112K,  57% used [0x00000000c36d0000, 0x00000000c37fe638, 0x00000000c38e0000)
  to   space 2112K,   0% used [0x00000000c34c0000, 0x00000000c34c0000, 0x00000000c36d0000)
 tenured generation   total 42664K, used 36066K [0x00000000d6d50000, 0x00000000d96fa000, 0x0000000100000000)
   the space 42664K,  84% used [0x00000000d6d50000, 0x00000000d90888e8, 0x00000000d9088a00, 0x00000000d96fa000)
 Metaspace       used 42192K, capacity 42972K, committed 43392K, reserved 1087488K
  class space    used 5185K, capacity 5387K, committed 5504K, reserved 1048576K
}
Event: 26.186 GC heap before
{Heap before GC invocations=32 (full 2):
 def new generation   total 19264K, used 18361K [0x00000000c2400000, 0x00000000c38e0000, 0x00000000d6d50000)
  eden space 17152K, 100% used [0x00000000c2400000, 0x00000000c34c0000, 0x00000000c34c0000)
  from space 2112K,  57% used [0x00000000c36d0000, 0x00000000c37fe638, 0x00000000c38e0000)
  to   space 2112K,   0% used [0x00000000c34c0000, 0x00000000c34c0000, 0x00000000c36d0000)
 tenured generation   total 42664K, used 36066K [0x00000000d6d50000, 0x00000000d96fa000, 0x0000000100000000)
   the space 42664K,  84% used [0x00000000d6d50000, 0x00000000d90888e8, 0x00000000d9088a00, 0x00000000d96fa000)
 Metaspace       used 43207K, capacity 44000K, committed 44544K, reserved 1087488K
  class space    used 5301K, capacity 5517K, committed 5632K, reserved 1048576K
Event: 26.195 GC heap after
Heap after GC invocations=33 (full 2):
 def new generation   total 19264K, used 1191K [0x00000000c2400000, 0x00000000c38e0000, 0x00000000d6d50000)
  eden space 17152K,   0% used [0x00000000c2400000, 0x00000000c2400000, 0x00000000c34c0000)
  from space 2112K,  56% used [0x00000000c34c0000, 0x00000000c35e9ff8, 0x00000000c36d0000)
  to   space 2112K,   0% used [0x00000000c36d0000, 0x00000000c36d0000, 0x00000000c38e0000)
 tenured generation   total 42664K, used 36751K [0x00000000d6d50000, 0x00000000d96fa000, 0x0000000100000000)
   the space 42664K,  86% used [0x00000000d6d50000, 0x00000000d9133c60, 0x00000000d9133e00, 0x00000000d96fa000)
 Metaspace       used 43207K, capacity 44000K, committed 44544K, reserved 1087488K
  class space    used 5301K, capacity 5517K, committed 5632K, reserved 1048576K
}
Event: 33.159 GC heap before
{Heap before GC invocations=33 (full 2):
 def new generation   total 19264K, used 18343K [0x00000000c2400000, 0x00000000c38e0000, 0x00000000d6d50000)
  eden space 17152K, 100% used [0x00000000c2400000, 0x00000000c34c0000, 0x00000000c34c0000)
  from space 2112K,  56% used [0x00000000c34c0000, 0x00000000c35e9ff8, 0x00000000c36d0000)
  to   space 2112K,   0% used [0x00000000c36d0000, 0x00000000c36d0000, 0x00000000c38e0000)
 tenured generation   total 42664K, used 36751K [0x00000000d6d50000, 0x00000000d96fa000, 0x0000000100000000)
   the space 42664K,  86% used [0x00000000d6d50000, 0x00000000d9133c60, 0x00000000d9133e00, 0x00000000d96fa000)
 Metaspace       used 45449K, capacity 46252K, committed 46848K, reserved 1089536K
  class space    used 5594K, capacity 5817K, committed 5888K, reserved 1048576K
Event: 33.168 GC heap after
Heap after GC invocations=34 (full 2):
 def new generation   total 19264K, used 2112K [0x00000000c2400000, 0x00000000c38e0000, 0x00000000d6d50000)
  eden space 17152K,   0% used [0x00000000c2400000, 0x00000000c2400000, 0x00000000c34c0000)
  from space 2112K, 100% used [0x00000000c36d0000, 0x00000000c38e0000, 0x00000000c38e0000)
  to   space 2112K,   0% used [0x00000000c34c0000, 0x00000000c34c0000, 0x00000000c36d0000)
 tenured generation   total 42664K, used 37578K [0x00000000d6d50000, 0x00000000d96fa000, 0x0000000100000000)
   the space 42664K,  88% used [0x00000000d6d50000, 0x00000000d9202a30, 0x00000000d9202c00, 0x00000000d96fa000)
 Metaspace       used 45449K, capacity 46252K, committed 46848K, reserved 1089536K
  class space    used 5594K, capacity 5817K, committed 5888K, reserved 1048576K
}

