# JRE version: Java(TM) SE Runtime Environment (8.0_151-b12) (build 1.8.0_151-b12)
# Java VM: Java HotSpot(TM) 64-Bit Server VM (25.151-b12 mixed mode linux-amd64 compressed oops)
Heap:
 def new generation   total 19136K, used 2632K [0x00000000c2400000, 0x00000000c38c0000, 0x00000000d6d50000)
  eden space 17024K,   3% used [0x00000000c2400000, 0x00000000c248e938, 0x00000000c34a0000)
  from space 2112K,  97% used [0x00000000c34a0000, 0x00000000c36a3928, 0x00000000c36b0000)
  to   space 2112K,   0% used [0x00000000c36b0000, 0x00000000c36b0000, 0x00000000c38c0000)
 tenured generation   total 42368K, used 37287K [0x00000000d6d50000, 0x00000000d96b0000, 0x0000000100000000)
   the space 42368K,  88% used [0x00000000d6d50000, 0x00000000d91b9ce0, 0x00000000d91b9e00, 0x00000000d96b0000)
 Metaspace       used 45320K, capacity 46136K, committed 46592K, reserved 1089536K
  class space    used 5563K, capacity 5819K, committed 5888K, reserved 1048576K
GC Heap History (10 events):
Event: 13.979 GC heap before
{Heap before GC invocations=30 (full 2):
 def new generation   total 19136K, used 18383K [0x00000000c2400000, 0x00000000c38c0000, 0x00000000d6d50000)
  eden space 17024K, 100% used [0x00000000c2400000, 0x00000000c34a0000, 0x00000000c34a0000)
  from space 2112K,  64% used [0x00000000c36b0000, 0x00000000c3803e50, 0x00000000c38c0000)
  to   space 2112K,   0% used [0x00000000c34a0000, 0x00000000c34a0000, 0x00000000c36b0000)
 tenured generation   total 42368K, used 33033K [0x00000000d6d50000, 0x00000000d96b0000, 0x0000000100000000)
   the space 42368K,  77% used [0x00000000d6d50000, 0x00000000d8d92588, 0x00000000d8d92600, 0x00000000d96b0000)
 Metaspace       used 41119K, capacity 41884K, committed 42240K, reserved 1085440K
  class space    used 5043K, capacity 5259K, committed 5376K, reserved 1048576K
Event: 13.987 GC heap after
Heap after GC invocations=31 (full 2):
 def new generation   total 19136K, used 1474K [0x00000000c2400000, 0x00000000c38c0000, 0x00000000d6d50000)
  eden space 17024K,   0% used [0x00000000c2400000, 0x00000000c2400000, 0x00000000c34a0000)
  from space 2112K,  69% used [0x00000000c34a0000, 0x00000000c3610980, 0x00000000c36b0000)
  to   space 2112K,   0% used [0x00000000c36b0000, 0x00000000c36b0000, 0x00000000c38c0000)
 tenured generation   total 42368K, used 33799K [0x00000000d6d50000, 0x00000000d96b0000, 0x0000000100000000)
   the space 42368K,  79% used [0x00000000d6d50000, 0x00000000d8e51ca0, 0x00000000d8e51e00, 0x00000000d96b0000)
 Metaspace       used 41119K, capacity 41884K, committed 42240K, reserved 1085440K
  class space    used 5043K, capacity 5259K, committed 5376K, reserved 1048576K
}
Event: 14.503 GC heap before
{Heap before GC invocations=31 (full 2):
 def new generation   total 19136K, used 18498K [0x00000000c2400000, 0x00000000c38c0000, 0x00000000d6d50000)
  eden space 17024K, 100% used [0x00000000c2400000, 0x00000000c34a0000, 0x00000000c34a0000)
  from space 2112K,  69% used [0x00000000c34a0000, 0x00000000c3610980, 0x00000000c36b0000)
  to   space 2112K,   0% used [0x00000000c36b0000, 0x00000000c36b0000, 0x00000000c38c0000)
 tenured generation   total 42368K, used 33799K [0x00000000d6d50000, 0x00000000d96b0000, 0x0000000100000000)
   the space 42368K,  79% used [0x00000000d6d50000, 0x00000000d8e51ca0, 0x00000000d8e51e00, 0x00000000d96b0000)
 Metaspace       used 41860K, capacity 42626K, committed 43008K, reserved 1087488K
  class space    used 5135K, capacity 5356K, committed 5376K, reserved 1048576K
Event: 14.531 GC heap after
Heap after GC invocations=32 (full 2):
 def new generation   total 19136K, used 1674K [0x00000000c2400000, 0x00000000c38c0000, 0x00000000d6d50000)
  eden space 17024K,   0% used [0x00000000c2400000, 0x00000000c2400000, 0x00000000c34a0000)
  from space 2112K,  79% used [0x00000000c36b0000, 0x00000000c3852938, 0x00000000c38c0000)
  to   space 2112K,   0% used [0x00000000c34a0000, 0x00000000c34a0000, 0x00000000c36b0000)
 tenured generation   total 42368K, used 34929K [0x00000000d6d50000, 0x00000000d96b0000, 0x0000000100000000)
   the space 42368K,  82% used [0x00000000d6d50000, 0x00000000d8f6c7c8, 0x00000000d8f6c800, 0x00000000d96b0000)
 Metaspace       used 41860K, capacity 42626K, committed 43008K, reserved 1087488K
  class space    used 5135K, capacity 5356K, committed 5376K, reserved 1048576K
}
Event: 14.964 GC heap before
{Heap before GC invocations=32 (full 2):
 def new generation   total 19136K, used 18698K [0x00000000c2400000, 0x00000000c38c0000, 0x00000000d6d50000)
  eden space 17024K, 100% used [0x00000000c2400000, 0x00000000c34a0000, 0x00000000c34a0000)
  from space 2112K,  79% used [0x00000000c36b0000, 0x00000000c3852938, 0x00000000c38c0000)
  to   space 2112K,   0% used [0x00000000c34a0000, 0x00000000c34a0000, 0x00000000c36b0000)
 tenured generation   total 42368K, used 34929K [0x00000000d6d50000, 0x00000000d96b0000, 0x0000000100000000)
   the space 42368K,  82% used [0x00000000d6d50000, 0x00000000d8f6c7c8, 0x00000000d8f6c800, 0x00000000d96b0000)
 Metaspace       used 42233K, capacity 42984K, committed 43392K, reserved 1087488K
  class space    used 5182K, capacity 5389K, committed 5504K, reserved 1048576K
Event: 14.984 GC heap after
Heap after GC invocations=33 (full 2):
 def new generation   total 19136K, used 1202K [0x00000000c2400000, 0x00000000c38c0000, 0x00000000d6d50000)
  eden space 17024K,   0% used [0x00000000c2400000, 0x00000000c2400000, 0x00000000c34a0000)
  from space 2112K,  56% used [0x00000000c34a0000, 0x00000000c35ccb60, 0x00000000c36b0000)
  to   space 2112K,   0% used [0x00000000c36b0000, 0x00000000c36b0000, 0x00000000c38c0000)
 tenured generation   total 42368K, used 35982K [0x00000000d6d50000, 0x00000000d96b0000, 0x0000000100000000)
   the space 42368K,  84% used [0x00000000d6d50000, 0x00000000d9073860, 0x00000000d9073a00, 0x00000000d96b0000)
 Metaspace       used 42233K, capacity 42984K, committed 43392K, reserved 1087488K
  class space    used 5182K, capacity 5389K, committed 5504K, reserved 1048576K
}
Event: 65.381 GC heap before
{Heap before GC invocations=33 (full 2):
 def new generation   total 19136K, used 18226K [0x00000000c2400000, 0x00000000c38c0000, 0x00000000d6d50000)
  eden space 17024K, 100% used [0x00000000c2400000, 0x00000000c34a0000, 0x00000000c34a0000)
  from space 2112K,  56% used [0x00000000c34a0000, 0x00000000c35ccb60, 0x00000000c36b0000)
  to   space 2112K,   0% used [0x00000000c36b0000, 0x00000000c36b0000, 0x00000000c38c0000)
 tenured generation   total 42368K, used 35982K [0x00000000d6d50000, 0x00000000d96b0000, 0x0000000100000000)
   the space 42368K,  84% used [0x00000000d6d50000, 0x00000000d9073860, 0x00000000d9073a00, 0x00000000d96b0000)
 Metaspace       used 43085K, capacity 43884K, committed 44288K, reserved 1087488K
  class space    used 5281K, capacity 5519K, committed 5632K, reserved 1048576K
Event: 65.387 GC heap after
Heap after GC invocations=34 (full 2):
 def new generation   total 19136K, used 1120K [0x00000000c2400000, 0x00000000c38c0000, 0x00000000d6d50000)
  eden space 17024K,   0% used [0x00000000c2400000, 0x00000000c2400000, 0x00000000c34a0000)
  from space 2112K,  53% used [0x00000000c36b0000, 0x00000000c37c8208, 0x00000000c38c0000)
  to   space 2112K,   0% used [0x00000000c34a0000, 0x00000000c34a0000, 0x00000000c36b0000)
 tenured generation   total 42368K, used 36539K [0x00000000d6d50000, 0x00000000d96b0000, 0x0000000100000000)
   the space 42368K,  86% used [0x00000000d6d50000, 0x00000000d90fecd0, 0x00000000d90fee00, 0x00000000d96b0000)
 Metaspace       used 43085K, capacity 43884K, committed 44288K, reserved 1087488K
  class space    used 5281K, capacity 5519K, committed 5632K, reserved 1048576K
}
Event: 74.551 GC heap before
{Heap before GC invocations=34 (full 2):
 def new generation   total 19136K, used 18144K [0x00000000c2400000, 0x00000000c38c0000, 0x00000000d6d50000)
  eden space 17024K, 100% used [0x00000000c2400000, 0x00000000c34a0000, 0x00000000c34a0000)
  from space 2112K,  53% used [0x00000000c36b0000, 0x00000000c37c8208, 0x00000000c38c0000)
  to   space 2112K,   0% used [0x00000000c34a0000, 0x00000000c34a0000, 0x00000000c36b0000)
 tenured generation   total 42368K, used 36539K [0x00000000d6d50000, 0x00000000d96b0000, 0x0000000100000000)
   the space 42368K,  86% used [0x00000000d6d50000, 0x00000000d90fecd0, 0x00000000d90fee00, 0x00000000d96b0000)
 Metaspace       used 45262K, capacity 46040K, committed 46592K, reserved 1089536K
  class space    used 5556K, capacity 5787K, committed 5888K, reserved 1048576K
Event: 74.587 GC heap after
Heap after GC invocations=35 (full 2):
 def new generation   total 19136K, used 2062K [0x00000000c2400000, 0x00000000c38c0000, 0x00000000d6d50000)
  eden space 17024K,   0% used [0x00000000c2400000, 0x00000000c2400000, 0x00000000c34a0000)
  from space 2112K,  97% used [0x00000000c34a0000, 0x00000000c36a3928, 0x00000000c36b0000)
  to   space 2112K,   0% used [0x00000000c36b0000, 0x00000000c36b0000, 0x00000000c38c0000)
 tenured generation   total 42368K, used 37287K [0x00000000d6d50000, 0x00000000d96b0000, 0x0000000100000000)
   the space 42368K,  88% used [0x00000000d6d50000, 0x00000000d91b9ce0, 0x00000000d91b9e00, 0x00000000d96b0000)
 Metaspace       used 45262K, capacity 46040K, committed 46592K, reserved 1089536K
  class space    used 5556K, capacity 5787K, committed 5888K, reserved 1048576K
}

