# JRE version: Java(TM) SE Runtime Environment (8.0_151-b12) (build 1.8.0_151-b12)
# Java VM: Java HotSpot(TM) 64-Bit Server VM (25.151-b12 mixed mode linux-amd64 compressed oops)
Heap:
 def new generation   total 19136K, used 2624K [0x00000000c2400000, 0x00000000c38c0000, 0x00000000d6d50000)
  eden space 17024K,   3% used [0x00000000c2400000, 0x00000000c2480260, 0x00000000c34a0000)
  from space 2112K, 100% used [0x00000000c34a0000, 0x00000000c36b0000, 0x00000000c36b0000)
  to   space 2112K,   0% used [0x00000000c36b0000, 0x00000000c36b0000, 0x00000000c38c0000)
 tenured generation   total 42368K, used 37358K [0x00000000d6d50000, 0x00000000d96b0000, 0x0000000100000000)
   the space 42368K,  88% used [0x00000000d6d50000, 0x00000000d91cba48, 0x00000000d91cbc00, 0x00000000d96b0000)
 Metaspace       used 45054K, capacity 45892K, committed 46208K, reserved 1089536K
  class space    used 5524K, capacity 5757K, committed 5760K, reserved 1048576K
GC Heap History (10 events):
Event: 13.814 GC heap before
{Heap before GC invocations=30 (full 2):
 def new generation   total 19136K, used 18376K [0x00000000c2400000, 0x00000000c38c0000, 0x00000000d6d50000)
  eden space 17024K, 100% used [0x00000000c2400000, 0x00000000c34a0000, 0x00000000c34a0000)
  from space 2112K,  64% used [0x00000000c36b0000, 0x00000000c38023d0, 0x00000000c38c0000)
  to   space 2112K,   0% used [0x00000000c34a0000, 0x00000000c34a0000, 0x00000000c36b0000)
 tenured generation   total 42368K, used 32931K [0x00000000d6d50000, 0x00000000d96b0000, 0x0000000100000000)
   the space 42368K,  77% used [0x00000000d6d50000, 0x00000000d8d78dd8, 0x00000000d8d78e00, 0x00000000d96b0000)
 Metaspace       used 41014K, capacity 41826K, committed 42240K, reserved 1085440K
  class space    used 5024K, capacity 5260K, committed 5376K, reserved 1048576K
Event: 13.840 GC heap after
Heap after GC invocations=31 (full 2):
 def new generation   total 19136K, used 1655K [0x00000000c2400000, 0x00000000c38c0000, 0x00000000d6d50000)
  eden space 17024K,   0% used [0x00000000c2400000, 0x00000000c2400000, 0x00000000c34a0000)
  from space 2112K,  78% used [0x00000000c34a0000, 0x00000000c363dfe0, 0x00000000c36b0000)
  to   space 2112K,   0% used [0x00000000c36b0000, 0x00000000c36b0000, 0x00000000c38c0000)
 tenured generation   total 42368K, used 33686K [0x00000000d6d50000, 0x00000000d96b0000, 0x0000000100000000)
   the space 42368K,  79% used [0x00000000d6d50000, 0x00000000d8e35ab0, 0x00000000d8e35c00, 0x00000000d96b0000)
 Metaspace       used 41014K, capacity 41826K, committed 42240K, reserved 1085440K
  class space    used 5024K, capacity 5260K, committed 5376K, reserved 1048576K
}
Event: 14.231 GC heap before
{Heap before GC invocations=31 (full 2):
 def new generation   total 19136K, used 18679K [0x00000000c2400000, 0x00000000c38c0000, 0x00000000d6d50000)
  eden space 17024K, 100% used [0x00000000c2400000, 0x00000000c34a0000, 0x00000000c34a0000)
  from space 2112K,  78% used [0x00000000c34a0000, 0x00000000c363dfe0, 0x00000000c36b0000)
  to   space 2112K,   0% used [0x00000000c36b0000, 0x00000000c36b0000, 0x00000000c38c0000)
 tenured generation   total 42368K, used 33686K [0x00000000d6d50000, 0x00000000d96b0000, 0x0000000100000000)
   the space 42368K,  79% used [0x00000000d6d50000, 0x00000000d8e35ab0, 0x00000000d8e35c00, 0x00000000d96b0000)
 Metaspace       used 41755K, capacity 42504K, committed 42752K, reserved 1087488K
  class space    used 5129K, capacity 5357K, committed 5376K, reserved 1048576K
Event: 14.238 GC heap after
Heap after GC invocations=32 (full 2):
 def new generation   total 19136K, used 1670K [0x00000000c2400000, 0x00000000c38c0000, 0x00000000d6d50000)
  eden space 17024K,   0% used [0x00000000c2400000, 0x00000000c2400000, 0x00000000c34a0000)
  from space 2112K,  79% used [0x00000000c36b0000, 0x00000000c3851b10, 0x00000000c38c0000)
  to   space 2112K,   0% used [0x00000000c34a0000, 0x00000000c34a0000, 0x00000000c36b0000)
 tenured generation   total 42368K, used 34844K [0x00000000d6d50000, 0x00000000d96b0000, 0x0000000100000000)
   the space 42368K,  82% used [0x00000000d6d50000, 0x00000000d8f570a8, 0x00000000d8f57200, 0x00000000d96b0000)
 Metaspace       used 41755K, capacity 42504K, committed 42752K, reserved 1087488K
  class space    used 5129K, capacity 5357K, committed 5376K, reserved 1048576K
}
Event: 14.760 GC heap before
{Heap before GC invocations=32 (full 2):
 def new generation   total 19136K, used 18694K [0x00000000c2400000, 0x00000000c38c0000, 0x00000000d6d50000)
  eden space 17024K, 100% used [0x00000000c2400000, 0x00000000c34a0000, 0x00000000c34a0000)
  from space 2112K,  79% used [0x00000000c36b0000, 0x00000000c3851b10, 0x00000000c38c0000)
  to   space 2112K,   0% used [0x00000000c34a0000, 0x00000000c34a0000, 0x00000000c36b0000)
 tenured generation   total 42368K, used 34844K [0x00000000d6d50000, 0x00000000d96b0000, 0x0000000100000000)
   the space 42368K,  82% used [0x00000000d6d50000, 0x00000000d8f570a8, 0x00000000d8f57200, 0x00000000d96b0000)
 Metaspace       used 42238K, capacity 42990K, committed 43392K, reserved 1087488K
  class space    used 5183K, capacity 5390K, committed 5504K, reserved 1048576K
Event: 14.767 GC heap after
Heap after GC invocations=33 (full 2):
 def new generation   total 19136K, used 1187K [0x00000000c2400000, 0x00000000c38c0000, 0x00000000d6d50000)
  eden space 17024K,   0% used [0x00000000c2400000, 0x00000000c2400000, 0x00000000c34a0000)
  from space 2112K,  56% used [0x00000000c34a0000, 0x00000000c35c8c20, 0x00000000c36b0000)
  to   space 2112K,   0% used [0x00000000c36b0000, 0x00000000c36b0000, 0x00000000c38c0000)
 tenured generation   total 42368K, used 35858K [0x00000000d6d50000, 0x00000000d96b0000, 0x0000000100000000)
   the space 42368K,  84% used [0x00000000d6d50000, 0x00000000d9054950, 0x00000000d9054a00, 0x00000000d96b0000)
 Metaspace       used 42238K, capacity 42990K, committed 43392K, reserved 1087488K
  class space    used 5183K, capacity 5390K, committed 5504K, reserved 1048576K
}
Event: 15.063 GC heap before
{Heap before GC invocations=33 (full 2):
 def new generation   total 19136K, used 18211K [0x00000000c2400000, 0x00000000c38c0000, 0x00000000d6d50000)
  eden space 17024K, 100% used [0x00000000c2400000, 0x00000000c34a0000, 0x00000000c34a0000)
  from space 2112K,  56% used [0x00000000c34a0000, 0x00000000c35c8c20, 0x00000000c36b0000)
  to   space 2112K,   0% used [0x00000000c36b0000, 0x00000000c36b0000, 0x00000000c38c0000)
 tenured generation   total 42368K, used 35858K [0x00000000d6d50000, 0x00000000d96b0000, 0x0000000100000000)
   the space 42368K,  84% used [0x00000000d6d50000, 0x00000000d9054950, 0x00000000d9054a00, 0x00000000d96b0000)
 Metaspace       used 42766K, capacity 43502K, committed 43904K, reserved 1087488K
  class space    used 5243K, capacity 5454K, committed 5504K, reserved 1048576K
Event: 15.077 GC heap after
Heap after GC invocations=34 (full 2):
 def new generation   total 19136K, used 1003K [0x00000000c2400000, 0x00000000c38c0000, 0x00000000d6d50000)
  eden space 17024K,   0% used [0x00000000c2400000, 0x00000000c2400000, 0x00000000c34a0000)
  from space 2112K,  47% used [0x00000000c36b0000, 0x00000000c37aaeb0, 0x00000000c38c0000)
  to   space 2112K,   0% used [0x00000000c34a0000, 0x00000000c34a0000, 0x00000000c36b0000)
 tenured generation   total 42368K, used 36709K [0x00000000d6d50000, 0x00000000d96b0000, 0x0000000100000000)
   the space 42368K,  86% used [0x00000000d6d50000, 0x00000000d91296a0, 0x00000000d9129800, 0x00000000d96b0000)
 Metaspace       used 42766K, capacity 43502K, committed 43904K, reserved 1087488K
  class space    used 5243K, capacity 5454K, committed 5504K, reserved 1048576K
}
Event: 18.169 GC heap before
{Heap before GC invocations=34 (full 2):
 def new generation   total 19136K, used 18027K [0x00000000c2400000, 0x00000000c38c0000, 0x00000000d6d50000)
  eden space 17024K, 100% used [0x00000000c2400000, 0x00000000c34a0000, 0x00000000c34a0000)
  from space 2112K,  47% used [0x00000000c36b0000, 0x00000000c37aaeb0, 0x00000000c38c0000)
  to   space 2112K,   0% used [0x00000000c34a0000, 0x00000000c34a0000, 0x00000000c36b0000)
 tenured generation   total 42368K, used 36709K [0x00000000d6d50000, 0x00000000d96b0000, 0x0000000100000000)
   the space 42368K,  86% used [0x00000000d6d50000, 0x00000000d91296a0, 0x00000000d9129800, 0x00000000d96b0000)
 Metaspace       used 45015K, capacity 45796K, committed 46208K, reserved 1089536K
  class space    used 5518K, capacity 5725K, committed 5760K, reserved 1048576K
Event: 18.184 GC heap after
Heap after GC invocations=35 (full 2):
 def new generation   total 19136K, used 2112K [0x00000000c2400000, 0x00000000c38c0000, 0x00000000d6d50000)
  eden space 17024K,   0% used [0x00000000c2400000, 0x00000000c2400000, 0x00000000c34a0000)
  from space 2112K, 100% used [0x00000000c34a0000, 0x00000000c36b0000, 0x00000000c36b0000)
  to   space 2112K,   0% used [0x00000000c36b0000, 0x00000000c36b0000, 0x00000000c38c0000)
 tenured generation   total 42368K, used 37358K [0x00000000d6d50000, 0x00000000d96b0000, 0x0000000100000000)
   the space 42368K,  88% used [0x00000000d6d50000, 0x00000000d91cba48, 0x00000000d91cbc00, 0x00000000d96b0000)
 Metaspace       used 45015K, capacity 45796K, committed 46208K, reserved 1089536K
  class space    used 5518K, capacity 5725K, committed 5760K, reserved 1048576K
}

