# JRE version: Java(TM) SE Runtime Environment (8.0_151-b12) (build 1.8.0_151-b12)
# Java VM: Java HotSpot(TM) 64-Bit Server VM (25.151-b12 mixed mode linux-amd64 compressed oops)
Heap:
 def new generation   total 19136K, used 8730K [0x00000000c2400000, 0x00000000c38c0000, 0x00000000d6d50000)
  eden space 17024K,  38% used [0x00000000c2400000, 0x00000000c2a76948, 0x00000000c34a0000)
  from space 2112K, 100% used [0x00000000c36b0000, 0x00000000c38c0000, 0x00000000c38c0000)
  to   space 2112K,   0% used [0x00000000c34a0000, 0x00000000c34a0000, 0x00000000c36b0000)
 tenured generation   total 42368K, used 21199K [0x00000000d6d50000, 0x00000000d96b0000, 0x0000000100000000)
   the space 42368K,  50% used [0x00000000d6d50000, 0x00000000d8203fc0, 0x00000000d8204000, 0x00000000d96b0000)
 Metaspace       used 33782K, capacity 34160K, committed 34432K, reserved 1079296K
  class space    used 4099K, capacity 4209K, committed 4224K, reserved 1048576K
GC Heap History (10 events):
Event: 11.091 GC heap before
{Heap before GC invocations=14 (full 1):
 def new generation   total 19136K, used 18498K [0x00000000c2400000, 0x00000000c38c0000, 0x00000000d6d50000)
  eden space 17024K, 100% used [0x00000000c2400000, 0x00000000c34a0000, 0x00000000c34a0000)
  from space 2112K,  69% used [0x00000000c34a0000, 0x00000000c3610a80, 0x00000000c36b0000)
  to   space 2112K,   0% used [0x00000000c36b0000, 0x00000000c36b0000, 0x00000000c38c0000)
 tenured generation   total 42368K, used 17267K [0x00000000d6d50000, 0x00000000d96b0000, 0x0000000100000000)
   the space 42368K,  40% used [0x00000000d6d50000, 0x00000000d7e2cfc8, 0x00000000d7e2d000, 0x00000000d96b0000)
 Metaspace       used 29391K, capacity 29752K, committed 30080K, reserved 1075200K
  class space    used 3554K, capacity 3643K, committed 3712K, reserved 1048576K
Event: 11.098 GC heap after
Heap after GC invocations=15 (full 1):
 def new generation   total 19136K, used 1286K [0x00000000c2400000, 0x00000000c38c0000, 0x00000000d6d50000)
  eden space 17024K,   0% used [0x00000000c2400000, 0x00000000c2400000, 0x00000000c34a0000)
  from space 2112K,  60% used [0x00000000c36b0000, 0x00000000c37f1990, 0x00000000c38c0000)
  to   space 2112K,   0% used [0x00000000c34a0000, 0x00000000c34a0000, 0x00000000c36b0000)
 tenured generation   total 42368K, used 18060K [0x00000000d6d50000, 0x00000000d96b0000, 0x0000000100000000)
   the space 42368K,  42% used [0x00000000d6d50000, 0x00000000d7ef3300, 0x00000000d7ef3400, 0x00000000d96b0000)
 Metaspace       used 29391K, capacity 29752K, committed 30080K, reserved 1075200K
  class space    used 3554K, capacity 3643K, committed 3712K, reserved 1048576K
}
Event: 11.710 GC heap before
{Heap before GC invocations=15 (full 1):
 def new generation   total 19136K, used 18310K [0x00000000c2400000, 0x00000000c38c0000, 0x00000000d6d50000)
  eden space 17024K, 100% used [0x00000000c2400000, 0x00000000c34a0000, 0x00000000c34a0000)
  from space 2112K,  60% used [0x00000000c36b0000, 0x00000000c37f1990, 0x00000000c38c0000)
  to   space 2112K,   0% used [0x00000000c34a0000, 0x00000000c34a0000, 0x00000000c36b0000)
 tenured generation   total 42368K, used 18060K [0x00000000d6d50000, 0x00000000d96b0000, 0x0000000100000000)
   the space 42368K,  42% used [0x00000000d6d50000, 0x00000000d7ef3300, 0x00000000d7ef3400, 0x00000000d96b0000)
 Metaspace       used 30048K, capacity 30424K, committed 30720K, reserved 1077248K
  class space    used 3643K, capacity 3739K, committed 3840K, reserved 1048576K
Event: 11.724 GC heap after
Heap after GC invocations=16 (full 1):
 def new generation   total 19136K, used 1324K [0x00000000c2400000, 0x00000000c38c0000, 0x00000000d6d50000)
  eden space 17024K,   0% used [0x00000000c2400000, 0x00000000c2400000, 0x00000000c34a0000)
  from space 2112K,  62% used [0x00000000c34a0000, 0x00000000c35eb0e8, 0x00000000c36b0000)
  to   space 2112K,   0% used [0x00000000c36b0000, 0x00000000c36b0000, 0x00000000c38c0000)
 tenured generation   total 42368K, used 19090K [0x00000000d6d50000, 0x00000000d96b0000, 0x0000000100000000)
   the space 42368K,  45% used [0x00000000d6d50000, 0x00000000d7ff4b18, 0x00000000d7ff4c00, 0x00000000d96b0000)
 Metaspace       used 30048K, capacity 30424K, committed 30720K, reserved 1077248K
  class space    used 3643K, capacity 3739K, committed 3840K, reserved 1048576K
}
Event: 12.464 GC heap before
{Heap before GC invocations=16 (full 1):
 def new generation   total 19136K, used 18348K [0x00000000c2400000, 0x00000000c38c0000, 0x00000000d6d50000)
  eden space 17024K, 100% used [0x00000000c2400000, 0x00000000c34a0000, 0x00000000c34a0000)
  from space 2112K,  62% used [0x00000000c34a0000, 0x00000000c35eb0e8, 0x00000000c36b0000)
  to   space 2112K,   0% used [0x00000000c36b0000, 0x00000000c36b0000, 0x00000000c38c0000)
 tenured generation   total 42368K, used 19090K [0x00000000d6d50000, 0x00000000d96b0000, 0x0000000100000000)
   the space 42368K,  45% used [0x00000000d6d50000, 0x00000000d7ff4b18, 0x00000000d7ff4c00, 0x00000000d96b0000)
 Metaspace       used 30416K, capacity 30782K, committed 30976K, reserved 1077248K
  class space    used 3686K, capacity 3772K, committed 3840K, reserved 1048576K
Event: 12.470 GC heap after
Heap after GC invocations=17 (full 1):
 def new generation   total 19136K, used 1120K [0x00000000c2400000, 0x00000000c38c0000, 0x00000000d6d50000)
  eden space 17024K,   0% used [0x00000000c2400000, 0x00000000c2400000, 0x00000000c34a0000)
  from space 2112K,  53% used [0x00000000c36b0000, 0x00000000c37c82b0, 0x00000000c38c0000)
  to   space 2112K,   0% used [0x00000000c34a0000, 0x00000000c34a0000, 0x00000000c36b0000)
 tenured generation   total 42368K, used 19817K [0x00000000d6d50000, 0x00000000d96b0000, 0x0000000100000000)
   the space 42368K,  46% used [0x00000000d6d50000, 0x00000000d80aa528, 0x00000000d80aa600, 0x00000000d96b0000)
 Metaspace       used 30416K, capacity 30782K, committed 30976K, reserved 1077248K
  class space    used 3686K, capacity 3772K, committed 3840K, reserved 1048576K
}
Event: 12.848 GC heap before
{Heap before GC invocations=17 (full 1):
 def new generation   total 19136K, used 18144K [0x00000000c2400000, 0x00000000c38c0000, 0x00000000d6d50000)
  eden space 17024K, 100% used [0x00000000c2400000, 0x00000000c34a0000, 0x00000000c34a0000)
  from space 2112K,  53% used [0x00000000c36b0000, 0x00000000c37c82b0, 0x00000000c38c0000)
  to   space 2112K,   0% used [0x00000000c34a0000, 0x00000000c34a0000, 0x00000000c36b0000)
 tenured generation   total 42368K, used 19817K [0x00000000d6d50000, 0x00000000d96b0000, 0x0000000100000000)
   the space 42368K,  46% used [0x00000000d6d50000, 0x00000000d80aa528, 0x00000000d80aa600, 0x00000000d96b0000)
 Metaspace       used 30674K, capacity 31006K, committed 31232K, reserved 1077248K
  class space    used 3717K, capacity 3804K, committed 3840K, reserved 1048576K
Event: 12.854 GC heap after
Heap after GC invocations=18 (full 1):
 def new generation   total 19136K, used 845K [0x00000000c2400000, 0x00000000c38c0000, 0x00000000d6d50000)
  eden space 17024K,   0% used [0x00000000c2400000, 0x00000000c2400000, 0x00000000c34a0000)
  from space 2112K,  40% used [0x00000000c34a0000, 0x00000000c3573658, 0x00000000c36b0000)
  to   space 2112K,   0% used [0x00000000c36b0000, 0x00000000c36b0000, 0x00000000c38c0000)
 tenured generation   total 42368K, used 20673K [0x00000000d6d50000, 0x00000000d96b0000, 0x0000000100000000)
   the space 42368K,  48% used [0x00000000d6d50000, 0x00000000d8180470, 0x00000000d8180600, 0x00000000d96b0000)
 Metaspace       used 30674K, capacity 31006K, committed 31232K, reserved 1077248K
  class space    used 3717K, capacity 3804K, committed 3840K, reserved 1048576K
}
Event: 483.344 GC heap before
{Heap before GC invocations=18 (full 1):
 def new generation   total 19136K, used 17869K [0x00000000c2400000, 0x00000000c38c0000, 0x00000000d6d50000)
  eden space 17024K, 100% used [0x00000000c2400000, 0x00000000c34a0000, 0x00000000c34a0000)
  from space 2112K,  40% used [0x00000000c34a0000, 0x00000000c3573658, 0x00000000c36b0000)
  to   space 2112K,   0% used [0x00000000c36b0000, 0x00000000c36b0000, 0x00000000c38c0000)
 tenured generation   total 42368K, used 20673K [0x00000000d6d50000, 0x00000000d96b0000, 0x0000000100000000)
   the space 42368K,  48% used [0x00000000d6d50000, 0x00000000d8180470, 0x00000000d8180600, 0x00000000d96b0000)
 Metaspace       used 33182K, capacity 33524K, committed 33920K, reserved 1079296K
  class space    used 4017K, capacity 4107K, committed 4224K, reserved 1048576K
Event: 483.366 GC heap after
Heap after GC invocations=19 (full 1):
 def new generation   total 19136K, used 2112K [0x00000000c2400000, 0x00000000c38c0000, 0x00000000d6d50000)
  eden space 17024K,   0% used [0x00000000c2400000, 0x00000000c2400000, 0x00000000c34a0000)
  from space 2112K, 100% used [0x00000000c36b0000, 0x00000000c38c0000, 0x00000000c38c0000)
  to   space 2112K,   0% used [0x00000000c34a0000, 0x00000000c34a0000, 0x00000000c36b0000)
 tenured generation   total 42368K, used 21199K [0x00000000d6d50000, 0x00000000d96b0000, 0x0000000100000000)
   the space 42368K,  50% used [0x00000000d6d50000, 0x00000000d8203fc0, 0x00000000d8204000, 0x00000000d96b0000)
 Metaspace       used 33182K, capacity 33524K, committed 33920K, reserved 1079296K
  class space    used 4017K, capacity 4107K, committed 4224K, reserved 1048576K
}

